Date/Time:       2024-09-16 17:30:48 
Command line:    C:\Users\clema\.pyenv\pyenv-win\versions\3.11.7\Scripts\briefcase run android

OS Release:      Windows 10
OS Version:      10.0.22631
Architecture:    AMD64
Platform:        Windows-10-10.0.22631-SP0

Python exe:      C:\Users\clema\.pyenv\pyenv-win\versions\3.11.7\python.exe
Python version:  3.11.7 (tags/v3.11.7:fa7a6f2, Dec  4 2023, 19:24:49) [MSC v.1937 64 bit (AMD64)]
Virtual env:     False
Conda env:       False

Briefcase:       0.3.19
Target platform: android
Target format:   gradle

Environment Variables:
	ALLUSERSPROFILE=C:\ProgramData
	APPDATA=C:\Users\clema\AppData\Roaming
	BINDIR=C:\Users\clema\.pyenv\pyenv-win\versions\3.11.7
	CHOCOLATEYINSTALL=C:\ProgramData\chocolatey
	CHOCOLATEYLASTPATHUPDATE=133667517113998764
	CHROME_CRASHPAD_PIPE_NAME=\\.\pipe\crashpad_19596_VTMRTZELCAGQAAOY
	CMDLINE=briefcase run android
	COLORTERM=truecolor
	COMMANDS=rehash global local version vname version-name versions commands shims which whence help --help
	COMMONPROGRAMFILES=C:\Program Files\Common Files
	COMMONPROGRAMFILES(X86)=C:\Program Files (x86)\Common Files
	COMMONPROGRAMW6432=C:\Program Files\Common Files
	COMPUTERNAME=JUNIOR
	COMSPEC=C:\WINDOWS\system32\cmd.exe
	DRIVERDATA=C:\Windows\System32\Drivers\DriverData
	EFC_1816=1
	EXTRAPATHS=C:\Users\clema\.pyenv\pyenv-win\versions\3.11.7;C:\Users\clema\.pyenv\pyenv-win\versions\3.11.7\Scripts;C:\Users\clema\AppData\Roaming\Python\Python311\Scripts;
	GIT_ASKPASS=********************
	HOMEDRIVE=C:
	HOMEPATH=\Users\clema
	LANG=en_US.UTF-8
	LOCALAPPDATA=C:\Users\clema\AppData\Local
	LOGONSERVER=\\JUNIOR
	NUMBER_OF_PROCESSORS=16
	NVM_HOME=C:\Users\clema\AppData\Roaming\nvm
	NVM_SYMLINK=C:\Program Files\nodejs
	ONEDRIVE=C:\Users\clema\OneDrive
	ONEDRIVECONSUMER=C:\Users\clema\OneDrive
	ORIGINAL_XDG_CURRENT_DESKTOP=undefined
	OS=Windows_NT
	PATH=C:\Users\clema\.pyenv\pyenv-win\versions\3.11.7;C:\Users\clema\.pyenv\pyenv-win\versions\3.11.7\Scripts;C:\Users\clema\AppData\Roaming\Python\Python311\Scripts;C:\Windows\System32;C:\Windows;C:\Windows\System32\wbem;C:\Windows\System32\WindowsPowerShell\v1.0\;C:\Windows\System32\OpenSSH\;C:\Program Files\NVIDIA Corporation\NVIDIA NvDLISR;C:\Program Files\Git\cmd;C:\Program Files (x86)\NVIDIA Corporation\PhysX\Common;C:\Program Files\Docker\Docker\resources\bin;C:\ProgramData\chocolatey\bin;C:\Users\clema\AppData\Roaming\nvm;C:\Program Files\nodejs;C:\Users\clema\AppData\Local\Android\Sdk\platform-tools;C:\Users\clema\AppData\Local\Android\Sdk\emulator;C:\Program Files\dotnet\;C:\Program Files\Microsoft SQL Server\150\Tools\Binn\;C:\Program Files\Microsoft SQL Server\Client SDK\ODBC\170\Tools\Binn\;C:\Users\clema\.pyenv\pyenv-win\bin;C:\Users\clema\AppData\Local\Programs\Microsoft VS Code\bin;C:\cmder;C:\Users\clema\AppData\Roaming\nvm;C:\Program Files\nodejs;C:\Users\clema\AppData\Local\Android\Sdk\emulator;C:\Users\clema\AppData\Local\Android\Sdk\platform-tools;C:\Users\clema\.dotnet\tools;
	PATHEXT=.COM;.EXE;.BAT;.CMD;.VBS;.VBE;.JS;.JSE;.WSF;.WSH;.MSC;.CPL
	PROCESSOR_ARCHITECTURE=AMD64
	PROCESSOR_IDENTIFIER=AMD64 Family 23 Model 96 Stepping 1, AuthenticAMD
	PROCESSOR_LEVEL=23
	PROCESSOR_REVISION=6001
	PROGRAMDATA=C:\ProgramData
	PROGRAMFILES=C:\Program Files
	PROGRAMFILES(X86)=C:\Program Files (x86)
	PROGRAMW6432=C:\Program Files
	PROMPT=$P$G
	PSMODULEPATH=C:\Users\clema\OneDrive\Documentos\WindowsPowerShell\Modules;C:\Program Files\WindowsPowerShell\Modules;C:\WINDOWS\system32\WindowsPowerShell\v1.0\Modules
	PUBLIC=C:\Users\Public
	PYENV=cscript //nologo "C:\Users\clema\.pyenv\pyenv-win\bin\..\libexec\pyenv.vbs"
	PYTHON_SHIMS=C:\Users\clema\.pyenv\pyenv-win\shims
	SESSIONNAME=Console
	SKIP=0
	SYSTEMDRIVE=C:
	SYSTEMROOT=C:\WINDOWS
	TEMP=C:\Users\clema\AppData\Local\Temp
	TERM_PROGRAM=vscode
	TERM_PROGRAM_VERSION=1.93.1
	TMP=C:\Users\clema\AppData\Local\Temp
	USERDOMAIN=JUNIOR
	USERDOMAIN_ROAMINGPROFILE=JUNIOR
	USERNAME=clema
	USERPROFILE=C:\Users\clema
	VBOX_MSI_INSTALL_PATH=C:\Program Files\Oracle\VirtualBox\
	VSCODE_GIT_ASKPASS_EXTRA_ARGS=********************
	VSCODE_GIT_ASKPASS_MAIN=********************
	VSCODE_GIT_ASKPASS_NODE=********************
	VSCODE_GIT_IPC_HANDLE=\\.\pipe\vscode-git-6924e6c18f-sock
	VSCODE_INJECTION=1
	WINDIR=C:\WINDOWS
	_PATH=C:\WINDOWS\system32;C:\WINDOWS;C:\WINDOWS\System32\Wbem;C:\WINDOWS\System32\WindowsPowerShell\v1.0\;C:\WINDOWS\System32\OpenSSH\;C:\Program Files\NVIDIA Corporation\NVIDIA NvDLISR;C:\Program Files\Git\cmd;C:\Program Files (x86)\NVIDIA Corporation\PhysX\Common;C:\Program Files\Docker\Docker\resources\bin;C:\ProgramData\chocolatey\bin;C:\Users\clema\AppData\Roaming\nvm;C:\Program Files\nodejs;C:\Users\clema\AppData\Local\Android\Sdk\platform-tools;C:\Users\clema\AppData\Local\Android\Sdk\emulator;C:\Program Files\dotnet\;C:\Program Files\Microsoft SQL Server\150\Tools\Binn\;C:\Program Files\Microsoft SQL Server\Client SDK\ODBC\170\Tools\Binn\;C:\Users\clema\.pyenv\pyenv-win\bin;C:\Users\clema\.pyenv\pyenv-win\shims;C:\Users\clema\AppData\Local\Programs\Microsoft VS Code\bin;C:\cmder;C:\Users\clema\AppData\Roaming\nvm;C:\Program Files\nodejs;C:\Users\clema\AppData\Local\Android\Sdk\emulator;C:\Users\clema\AppData\Local\Android\Sdk\platform-tools;C:\Users\clema\.dotnet\tools
	__PSLOCKDOWNPOLICY=0

pyproject.toml:
# This project was generated with 0.3.19 using template: https://github.com/beeware/briefcase-template@v0.3.19
[tool.briefcase]
project_name = "Brick-game"
bundle = "com.example"
version = "0.0.1"
url = "https://example.com/brickgame"
license.file = "LICENSE"
author = "Jane Developer"
author_email = "jane@example.com"

[tool.briefcase.app.brickgame]
formal_name = "Brick-game"
description = "My first application"
long_description = """More details about the app should go here.
"""
sources = [
    "src/brickgame",
]
test_sources = [
    "tests",
]

requires = [
]
test_requires = [
    "pytest",
]

[tool.briefcase.app.brickgame.macOS]
universal_build = true
requires = [
    "toga-cocoa~=0.4.5",
    "std-nslog~=1.0.0",
]

[tool.briefcase.app.brickgame.linux]
requires = [
    "toga-gtk~=0.4.5",
]

[tool.briefcase.app.brickgame.linux.system.debian]
system_requires = [
    # Needed to compile pycairo wheel
    "libcairo2-dev",
    # Needed to compile PyGObject wheel
    "libgirepository1.0-dev",
]

system_runtime_requires = [
    # Needed to provide GTK and its GI bindings
    "gir1.2-gtk-3.0",
    "libgirepository-1.0-1",
    # Dependencies that GTK looks for at runtime
    "libcanberra-gtk3-module",
    # Needed to provide WebKit2 at runtime
    # Note: Debian 11 and Ubuntu 20.04 require gir1.2-webkit2-4.0 instead
    # "gir1.2-webkit2-4.1",
]

[tool.briefcase.app.brickgame.linux.system.rhel]
system_requires = [
    # Needed to compile pycairo wheel
    "cairo-gobject-devel",
    # Needed to compile PyGObject wheel
    "gobject-introspection-devel",
]

system_runtime_requires = [
    # Needed to support Python bindings to GTK
    "gobject-introspection",
    # Needed to provide GTK
    "gtk3",
    # Dependencies that GTK looks for at runtime
    "libcanberra-gtk3",
    # Needed to provide WebKit2 at runtime
    # "webkit2gtk3",
]

[tool.briefcase.app.brickgame.linux.system.suse]
system_requires = [
    # Needed to compile pycairo wheel
    "cairo-devel",
    # Needed to compile PyGObject wheel
    "gobject-introspection-devel",
]

system_runtime_requires = [
    # Needed to provide GTK
    "gtk3",
    # Needed to support Python bindings to GTK
    "gobject-introspection", "typelib(Gtk) = 3.0",
    # Dependencies that GTK looks for at runtime
    "libcanberra-gtk3-module",
    # Needed to provide WebKit2 at runtime
    # "libwebkit2gtk3", "typelib(WebKit2)",
]

[tool.briefcase.app.brickgame.linux.system.arch]
system_requires = [
    # Needed to compile pycairo wheel
    "cairo",
    # Needed to compile PyGObject wheel
    "gobject-introspection",
    # Runtime dependencies that need to exist so that the
    # Arch package passes final validation.
    # Needed to provide GTK
    "gtk3",
    # Dependencies that GTK looks for at runtime
    "libcanberra",
    # Needed to provide WebKit2
    # "webkit2gtk",
]

system_runtime_requires = [
    # Needed to provide GTK
    "gtk3",
    # Needed to provide PyGObject bindings
    "gobject-introspection-runtime",
    # Dependencies that GTK looks for at runtime
    "libcanberra",
    # Needed to provide WebKit2 at runtime
    # "webkit2gtk",
]

[tool.briefcase.app.brickgame.linux.appimage]
manylinux = "manylinux_2_28"

system_requires = [
    # Needed to compile pycairo wheel
    "cairo-gobject-devel",
    # Needed to compile PyGObject wheel
    "gobject-introspection-devel",
    # Needed to provide GTK
    "gtk3-devel",
    # Dependencies that GTK looks for at runtime, that need to be
    # in the build environment to be picked up by linuxdeploy
    "libcanberra-gtk3",
    "PackageKit-gtk3-module",
    "gvfs-client",
]

linuxdeploy_plugins = [
    "DEPLOY_GTK_VERSION=3 gtk",
]

[tool.briefcase.app.brickgame.linux.flatpak]
flatpak_runtime = "org.gnome.Platform"
flatpak_runtime_version = "45"
flatpak_sdk = "org.gnome.Sdk"

[tool.briefcase.app.brickgame.windows]
requires = [
    "toga-winforms~=0.4.5",
]

# Mobile deployments
[tool.briefcase.app.brickgame.iOS]
requires = [
    "toga-iOS~=0.4.5",
    "std-nslog~=1.0.0",
]

[tool.briefcase.app.brickgame.android]
requires = [
    "toga-android~=0.4.5",
]

base_theme = "Theme.MaterialComponents.Light.DarkActionBar"

build_gradle_dependencies = [
    "com.google.android.material:material:1.11.0",
    # Needed for DetailedList
    # "androidx.swiperefreshlayout:swiperefreshlayout:1.1.0",
    # Needed for MapView
    # "org.osmdroid:osmdroid-android:6.1.0",
]

# Web deployments
[tool.briefcase.app.brickgame.web]
requires = [
    "toga-web~=0.4.5",
]
style_framework = "Shoelace v2.3"

Briefcase Log:
[17:30:02] Using JDK at C:\Users\clema\AppData\Local\BeeWare\briefcase\Cache\tools\java17                                                                                java.py:258
           Using Android SDK at C:\Users\clema\AppData\Local\BeeWare\briefcase\Cache\tools\android_sdk                                                            android_sdk.py:362
           Android emulator is already installed.                                                                                                                 android_sdk.py:637
                                                                                                                                                                   subprocess.py:827
           >>> Running Command:                                                                                                                                    subprocess.py:827
           >>>     'C:\Users\clema\AppData\Local\BeeWare\briefcase\Cache\tools\android_sdk\platform-tools\adb.exe' devices -l                                      subprocess.py:827
           >>> Working Directory:                                                                                                                                  subprocess.py:827
           >>>     C:\Users\clema\OneDrive\Documentos\Brick\brickgame                                                                                              subprocess.py:827
           >>> Command Output:                                                                                                                                     subprocess.py:827
           >>>     List of devices attached                                                                                                                        subprocess.py:827
           >>>     618ca3a0               device product:spes_global model:2201117TL device:spes transport_id:1                                                    subprocess.py:827
           >>>                                                                                                                                                     subprocess.py:827
           >>> Return code: 0                                                                                                                                      subprocess.py:827
                                                                                                                                                                   subprocess.py:827
           >>> Running Command:                                                                                                                                    subprocess.py:827
           >>>     'C:\Users\clema\AppData\Local\BeeWare\briefcase\Cache\tools\android_sdk\platform-tools\adb.exe' -s 618ca3a0 emu avd name                        subprocess.py:827
           >>> Working Directory:                                                                                                                                  subprocess.py:827
           >>>     C:\Users\clema\OneDrive\Documentos\Brick\brickgame                                                                                              subprocess.py:827
           >>> Return code: 1                                                                                                                                      subprocess.py:827
                                                                                                                                                                   subprocess.py:827
           >>> Running Command:                                                                                                                                    subprocess.py:827
           >>>     'C:\Users\clema\AppData\Local\BeeWare\briefcase\Cache\tools\android_sdk\emulator\emulator.exe' -list-avds                                       subprocess.py:827
           >>> Working Directory:                                                                                                                                  subprocess.py:827
           >>>     C:\Users\clema\OneDrive\Documentos\Brick\brickgame                                                                                              subprocess.py:827
           >>> Command Output:                                                                                                                                     subprocess.py:827
           >>>     INFO    | Storing crashdata in: C:\Users\clema\AppData\Local\Temp\\AndroidEmulator\emu-crash-35.1.20.db, detection is enabled for process: 7220 subprocess.py:827
           >>> Return code: 0                                                                                                                                      subprocess.py:827
                                                                                                                                                                 android_sdk.py:1015
           Select device:                                                                                                                                        android_sdk.py:1016
                                                                                                                                                                 android_sdk.py:1017
             1) 2201117TL (618ca3a0)                                                                                                                                  console.py:816
             2) Create a new Android emulator                                                                                                                         console.py:816
                                                                                                                                                                      console.py:818
[17:30:05] >                                                                                                                                                          console.py:821
           User input: 2                                                                                                                                              console.py:821
                                                                                                                                                                   subprocess.py:827
           >>> Running Command:                                                                                                                                    subprocess.py:827
           >>>     'C:\Users\clema\AppData\Local\BeeWare\briefcase\Cache\tools\android_sdk\emulator\emulator.exe' -list-avds                                       subprocess.py:827
           >>> Working Directory:                                                                                                                                  subprocess.py:827
           >>>     C:\Users\clema\OneDrive\Documentos\Brick\brickgame                                                                                              subprocess.py:827
           >>> Command Output:                                                                                                                                     subprocess.py:827
           >>>     INFO    | Storing crashdata in: C:\Users\clema\AppData\Local\Temp\\AndroidEmulator\emu-crash-35.1.20.db, detection is enabled for process:      subprocess.py:827
           19584                                                                                                                                                                    
           >>> Return code: 0                                                                                                                                      subprocess.py:827
                                                                                                                                                                 android_sdk.py:1096
           You need to select a name for your new emulator. This is an identifier that                                                                           android_sdk.py:1096
           can be used to start the emulator in future. It should follow the same naming                                                                         android_sdk.py:1096
           conventions as a Python package (i.e., it may only contain letters, numbers,                                                                          android_sdk.py:1096
           hyphens and underscores). If you don't provide a name, Briefcase will use the                                                                         android_sdk.py:1096
           a default name 'beePhone'.                                                                                                                            android_sdk.py:1096
                                                                                                                                                                 android_sdk.py:1096
[17:30:07] Emulator name [beePhone]:                                                                                                                                      run.py:325
           User input:                                                                                                                                                    run.py:325
                                                                                                                                                                  android_sdk.py:794
           [android_sdk] Obtaining pixel_7_pro device skin...                                                                                                     android_sdk.py:794
[17:30:08] Downloading mirror-goog-studio-main-artwork-resources-device-art-resources-pixel_7_pro.tar.gz...                                                              file.py:149
           Installing device skin... started                                                                                                                      android_sdk.py:809
           Installing device skin... done                                                                                                                         android_sdk.py:809
                                                                                                                                                                  android_sdk.py:763
           [android_sdk] Downloading the 'system-images;android-31;default;x86_64' Android system image...                                                        android_sdk.py:763
                                                                                                                                                                   subprocess.py:827
           >>> Running Command:                                                                                                                                    subprocess.py:827
           >>>     'C:\Users\clema\AppData\Local\BeeWare\briefcase\Cache\tools\android_sdk\cmdline-tools\12.0\bin\sdkmanager.bat'                                  subprocess.py:827
           'system-images;android-31;default;x86_64'                                                                                                                                
           >>> Working Directory:                                                                                                                                  subprocess.py:827
           >>>     C:\Users\clema\OneDrive\Documentos\Brick\brickgame                                                                                              subprocess.py:827
           >>> Environment Overrides:                                                                                                                              subprocess.py:827
           >>>     ANDROID_HOME=C:\Users\clema\AppData\Local\BeeWare\briefcase\Cache\tools\android_sdk                                                             subprocess.py:827
           >>>     ANDROID_SDK_ROOT=C:\Users\clema\AppData\Local\BeeWare\briefcase\Cache\tools\android_sdk                                                         subprocess.py:827
           >>>     JAVA_HOME=C:\Users\clema\AppData\Local\BeeWare\briefcase\Cache\tools\java17                                                                     subprocess.py:827
[17:30:43] >>> Return code: 0                                                                                                                                      subprocess.py:827
           Creating Android emulator beePhone... started                                                                                                         android_sdk.py:1188
                                                                                                                                                                   subprocess.py:827
           >>> Running Command:                                                                                                                                    subprocess.py:827
           >>>     'C:\Users\clema\AppData\Local\BeeWare\briefcase\Cache\tools\android_sdk\cmdline-tools\12.0\bin\avdmanager.bat' --verbose create avd --name      subprocess.py:827
           beePhone --abi x86_64 --package 'system-images;android-31;default;x86_64' --device pixel                                                                                 
           >>> Working Directory:                                                                                                                                  subprocess.py:827
           >>>     C:\Users\clema\OneDrive\Documentos\Brick\brickgame                                                                                              subprocess.py:827
           >>> Environment Overrides:                                                                                                                              subprocess.py:827
           >>>     ANDROID_HOME=C:\Users\clema\AppData\Local\BeeWare\briefcase\Cache\tools\android_sdk                                                             subprocess.py:827
           >>>     ANDROID_SDK_ROOT=C:\Users\clema\AppData\Local\BeeWare\briefcase\Cache\tools\android_sdk                                                         subprocess.py:827
           >>>     JAVA_HOME=C:\Users\clema\AppData\Local\BeeWare\briefcase\Cache\tools\java17                                                                     subprocess.py:827
           >>>     XDG_CONFIG_HOME=None                                                                                                                            subprocess.py:827
[17:30:45] >>> Command Output:                                                                                                                                     subprocess.py:827
           >>>     Loading local repository...                                                                                                                     subprocess.py:827
           >>>     [=========                              ] 25% Loading local repository...                                                                       subprocess.py:827
           >>>     [=========                              ] 25% Fetch remote repository...                                                                        subprocess.py:827
           >>>     [=======================================] 100% Fetch remote repository...                                                                       subprocess.py:827
           >>>                                                                                                                                                     subprocess.py:827
           >>> Return code: 0                                                                                                                                      subprocess.py:827
           Creating Android emulator beePhone... done                                                                                                            android_sdk.py:1188
           Adding extra device configuration... started                                                                                                          android_sdk.py:1216
           Adding extra device configuration... done                                                                                                             android_sdk.py:1216
                                                                                                                                                                 android_sdk.py:1145
           Android emulator 'beePhone' created.                                                                                                                  android_sdk.py:1145
                                                                                                                                                                 android_sdk.py:1145
           In future, you can specify this device by running:                                                                                                    android_sdk.py:1145
                                                                                                                                                                 android_sdk.py:1145
               $ briefcase run android -d @beePhone                                                                                                              android_sdk.py:1145
                                                                                                                                                                       gradle.py:402
           [brickgame] Starting emulator beePhone...                                                                                                                   gradle.py:402
                                                                                                                                                                   subprocess.py:827
           >>> Running Command:                                                                                                                                    subprocess.py:827
           >>>     'C:\Users\clema\AppData\Local\BeeWare\briefcase\Cache\tools\android_sdk\emulator\emulator.exe' -list-avds                                       subprocess.py:827
           >>> Working Directory:                                                                                                                                  subprocess.py:827
           >>>     C:\Users\clema\OneDrive\Documentos\Brick\brickgame                                                                                              subprocess.py:827
           >>> Command Output:                                                                                                                                     subprocess.py:827
           >>>     INFO    | Storing crashdata in: C:\Users\clema\AppData\Local\Temp\\AndroidEmulator\emu-crash-35.1.20.db, detection is enabled for process:      subprocess.py:827
           14300                                                                                                                                                                    
           >>>     beePhone                                                                                                                                        subprocess.py:827
           >>> Return code: 0                                                                                                                                      subprocess.py:827
                                                                                                                                                                   subprocess.py:827
           >>> Running Command:                                                                                                                                    subprocess.py:827
           >>>     'C:\Users\clema\AppData\Local\BeeWare\briefcase\Cache\tools\android_sdk\emulator\emulator.exe' @beePhone -dns-server 8.8.8.8                    subprocess.py:827
           >>> Working Directory:                                                                                                                                  subprocess.py:827
           >>>     C:\Users\clema\OneDrive\Documentos\Brick\brickgame                                                                                              subprocess.py:827
           >>> Environment Overrides:                                                                                                                              subprocess.py:827
           >>>     ANDROID_HOME=C:\Users\clema\AppData\Local\BeeWare\briefcase\Cache\tools\android_sdk                                                             subprocess.py:827
           >>>     ANDROID_SDK_ROOT=C:\Users\clema\AppData\Local\BeeWare\briefcase\Cache\tools\android_sdk                                                         subprocess.py:827
           >>>     JAVA_HOME=C:\Users\clema\AppData\Local\BeeWare\briefcase\Cache\tools\java17                                                                     subprocess.py:827
           Starting emulator... started                                                                                                                          android_sdk.py:1343
                                                                                                                                                                   subprocess.py:827
           >>> Running Command:                                                                                                                                    subprocess.py:827
           >>>     'C:\Users\clema\AppData\Local\BeeWare\briefcase\Cache\tools\android_sdk\platform-tools\adb.exe' devices -l                                      subprocess.py:827
           >>> Working Directory:                                                                                                                                  subprocess.py:827
           >>>     C:\Users\clema\OneDrive\Documentos\Brick\brickgame                                                                                              subprocess.py:827
           >>> Command Output:                                                                                                                                     subprocess.py:827
           >>>     List of devices attached                                                                                                                        subprocess.py:827
           >>>     618ca3a0               device product:spes_global model:2201117TL device:spes transport_id:1                                                    subprocess.py:827
           >>>                                                                                                                                                     subprocess.py:827
           >>> Return code: 0                                                                                                                                      subprocess.py:827
                                                                                                                                                                   subprocess.py:827
           >>> Running Command:                                                                                                                                    subprocess.py:827
           >>>     'C:\Users\clema\AppData\Local\BeeWare\briefcase\Cache\tools\android_sdk\platform-tools\adb.exe' -s 618ca3a0 emu avd name                        subprocess.py:827
           >>> Working Directory:                                                                                                                                  subprocess.py:827
           >>>     C:\Users\clema\OneDrive\Documentos\Brick\brickgame                                                                                              subprocess.py:827
           >>> Return code: 1                                                                                                                                      subprocess.py:827
[17:30:47] Starting emulator... errored                                                                                                                          android_sdk.py:1343
                                                                                                                                                                 android_sdk.py:1390
           [android_sdk] Emulator output log for startup failure                                                                                                 android_sdk.py:1390
           INFO    | Storing crashdata in: C:\Users\clema\AppData\Local\Temp\\AndroidEmulator\emu-crash-35.1.20.db, detection is enabled for process: 13072      android_sdk.py:1394
           INFO    | Android emulator version 35.1.20.0 (build_id 12234392) (CL:N/A)                                                                             android_sdk.py:1394
           INFO    | Graphics backend: gfxstream                                                                                                                 android_sdk.py:1394
           INFO    | Found systemPath C:\Users\clema\AppData\Local\BeeWare\briefcase\Cache\tools\android_sdk\system-images\android-31\default\x86_64\            android_sdk.py:1394
           WARNING | Please update the emulator to one that supports the feature(s): Vulkan                                                                      android_sdk.py:1394
           WARNING | Failed to process .ini file C:\Users\clema\.android\avd\..\avd\beePhone.avd\quickbootChoice.ini for reading.                                android_sdk.py:1394
           ERROR   | Not enough space to create userdata partition. Available: 4144.289062 MB at C:\Users\clema\.android\avd\..\avd\beePhone.avd, need           android_sdk.py:1394
           7372.800000 MB.                                                                                                                                                          
           INFO    | Storing crashdata in: C:\Users\clema\AppData\Local\Temp\\AndroidEmulator\emu-crash-35.1.20.db, detection is enabled for process: 10636      android_sdk.py:1394
           INFO    | Duplicate loglines will be removed, if you wish to see each individual line launch with the -log-nofilter flag.                             android_sdk.py:1394
           INFO    | Increasing RAM size to 2048MB                                                                                                               android_sdk.py:1394
                                                                                                                                                                      __main__.py:44
           Android emulator was unable to start!                                                                                                                      __main__.py:45
                                                                                                                                                                      __main__.py:45
           Review the emulator output above for:                                                                                                                      __main__.py:45
            - Troubleshooting or resolution steps such as enabling hardware acceleration                                                                              __main__.py:45
            - Other errors or warnings that may be suggesting the cause of the startup failure                                                                        __main__.py:45
                                                                                                                                                                      __main__.py:45
           Ensure your Android SDK is up-to-date by running:                                                                                                          __main__.py:45
                                                                                                                                                                      __main__.py:45
               $ briefcase upgrade android_sdk                                                                                                                        __main__.py:45
                                                                                                                                                                      __main__.py:45
           To review Google's general troubleshooting steps for the emulator, visit:                                                                                  __main__.py:45
                                                                                                                                                                      __main__.py:45
               https://developer.android.com/studio/run/emulator-troubleshooting                                                                                      __main__.py:45
                                                                                                                                                                      __main__.py:45
           You can also start the emulator manually by running:                                                                                                       __main__.py:45
                                                                                                                                                                      __main__.py:45
               $ C:\Users\clema\AppData\Local\BeeWare\briefcase\Cache\tools\android_sdk\emulator\emulator.exe "@beePhone" -dns-server 8.8.8.8                         __main__.py:45
           Saving log... started                                                                                                                                      console.py:390

Main thread traceback:
╭─────────────────────────────────────────────────────────────────────── Traceback (most recent call last) ────────────────────────────────────────────────────────────────────────╮
│ C:\Users\clema\.pyenv\pyenv-win\versions\3.11.7\Lib\site-packages\briefcase\__main__.py:29 in main                                                                               │
│                                                                                                                                                                                  │
│   26 │   │   │   Path.cwd() / "pyproject.toml",                                                                                                                                  │
│   27 │   │   │   overrides=overrides,                                                                                                                                            │
│   28 │   │   )                                                                                                                                                                   │
│ ❱ 29 │   │   command(**options)                                                                                                                                                  │
│   30 │   except HelpText as e:                                                                                                                                                   │
│   31 │   │   logger.info()                                                                                                                                                       │
│   32 │   │   logger.info(str(e))                                                                                                                                                 │
│                                                                                                                                                                                  │
│ ╭─────────────────────────────────────────────────────────────────────────────────── locals ───────────────────────────────────────────────────────────────────────────────────╮ │
│ │       command = <briefcase.platforms.android.gradle.GradleRunCommand object at 0x000001F27F9621D0>                                                                           │ │
│ │       Command = <class 'briefcase.platforms.android.gradle.GradleRunCommand'>                                                                                                │ │
│ │       console = <briefcase.console.Console object at 0x000001F27FD18550>                                                                                                     │ │
│ │             e = BriefcaseCommandError('Android emulator was unable to start!\n\nReview the emulator output above for:\n - Troubleshooting or resolution steps such as        │ │
│ │                 enabling hardware acceleration\n - Other errors or warnings that may be suggesting the cause of the startup failure\n\nEnsure your Android SDK is up-to-date │ │
│ │                 by running:\n\n    $ briefcase upgrade android_sdk\n\nTo review Google\'s general troubleshooting steps for the emulator, visit:\n\n                         │ │
│ │                 https://developer.android.com/studio/run/emulator-troubleshooting\n\nYou can also start the emulator manually by running:\n\n    $                           │ │
│ │                 C:\\Users\\clema\\AppData\\Local\\BeeWare\\briefcase\\Cache\\tools\\android_sdk\\emulator\\emulator.exe "@beePhone" -dns-server 8.8.8.8\n')                  │ │
│ │ extra_cmdline = []                                                                                                                                                           │ │
│ │        logger = <briefcase.console.Log object at 0x000001F27FD185D0>                                                                                                         │ │
│ │       options = {                                                                                                                                                            │ │
│ │                 │   'appname': None,                                                                                                                                         │ │
│ │                 │   'update': False,                                                                                                                                         │ │
│ │                 │   'update_requirements': False,                                                                                                                            │ │
│ │                 │   'update_support': False,                                                                                                                                 │ │
│ │                 │   'update_stub': False,                                                                                                                                    │ │
│ │                 │   'update_resources': False,                                                                                                                               │ │
│ │                 │   'no_update': False,                                                                                                                                      │ │
│ │                 │   'test_mode': False,                                                                                                                                      │ │
│ │                 │   'device_or_avd': None,                                                                                                                                   │ │
│ │                 │   'extra_emulator_args': None,                                                                                                                             │ │
│ │                 │   ... +2                                                                                                                                                   │ │
│ │                 }                                                                                                                                                            │ │
│ │     overrides = {}                                                                                                                                                           │ │
│ │       printer = <briefcase.console.Printer object at 0x000001F27C411C90>                                                                                                     │ │
│ │        result = 200                                                                                                                                                          │ │
│ ╰──────────────────────────────────────────────────────────────────────────────────────────────────────────────────────────────────────────────────────────────────────────────╯ │
│                                                                                                                                                                                  │
│ C:\Users\clema\.pyenv\pyenv-win\versions\3.11.7\Lib\site-packages\briefcase\commands\run.py:325 in __call__                                                                      │
│                                                                                                                                                                                  │
│   322 │   │                                                                                                                                                                      │
│   323 │   │   self.verify_app(app)                                                                                                                                               │
│   324 │   │                                                                                                                                                                      │
│ ❱ 325 │   │   state = self.run_app(                                                                                                                                              │
│   326 │   │   │   app,                                                                                                                                                           │
│   327 │   │   │   test_mode=test_mode,                                                                                                                                           │
│   328 │   │   │   passthrough=[] if passthrough is None else passthrough,                                                                                                        │
│                                                                                                                                                                                  │
│ ╭───────────────────────────────────────────────────────────────────────────── locals ─────────────────────────────────────────────────────────────────────────────╮             │
│ │                 app = <com.example.brickgame v0.0.1 AppConfig>                                                                                                   │             │
│ │             appname = None                                                                                                                                       │             │
│ │           exec_file = WindowsPath('C:/Users/clema/OneDrive/Documentos/Brick/brickgame/build/brickgame/android/gradle/app/build/outputs/apk/debug/app-debug.apk') │             │
│ │           no_update = False                                                                                                                                      │             │
│ │             options = {'device_or_avd': None, 'extra_emulator_args': None, 'shutdown_on_exit': False}                                                            │             │
│ │         passthrough = []                                                                                                                                         │             │
│ │                self = <briefcase.platforms.android.gradle.GradleRunCommand object at 0x000001F27F9621D0>                                                         │             │
│ │               state = None                                                                                                                                       │             │
│ │       template_file = WindowsPath('C:/Users/clema/OneDrive/Documentos/Brick/brickgame/build/brickgame/android/gradle')                                           │             │
│ │           test_mode = False                                                                                                                                      │             │
│ │              update = False                                                                                                                                      │             │
│ │ update_requirements = False                                                                                                                                      │             │
│ │    update_resources = False                                                                                                                                      │             │
│ │         update_stub = False                                                                                                                                      │             │
│ │      update_support = False                                                                                                                                      │             │
│ ╰──────────────────────────────────────────────────────────────────────────────────────────────────────────────────────────────────────────────────────────────────╯             │
│                                                                                                                                                                                  │
│ C:\Users\clema\.pyenv\pyenv-win\versions\3.11.7\Lib\site-packages\briefcase\platforms\android\gradle.py:403 in run_app                                                           │
│                                                                                                                                                                                  │
│   400 │   │   │   else:                                                                                                                                                          │
│   401 │   │   │   │   extra = ""                                                                                                                                                 │
│   402 │   │   │   self.logger.info(f"Starting emulator {avd}{extra}...", prefix=app.app_name)                                                                                    │
│ ❱ 403 │   │   │   device, name = self.tools.android_sdk.start_emulator(                                                                                                          │
│   404 │   │   │   │   avd, extra_emulator_args                                                                                                                                   │
│   405 │   │   │   )                                                                                                                                                              │
│   406                                                                                                                                                                            │
│                                                                                                                                                                                  │
│ ╭───────────────────────────────────────────────── locals ─────────────────────────────────────────────────╮                                                                     │
│ │                 app = <com.example.brickgame v0.0.1 AppConfig>                                           │                                                                     │
│ │                 avd = 'beePhone'                                                                         │                                                                     │
│ │              device = None                                                                               │                                                                     │
│ │       device_or_avd = None                                                                               │                                                                     │
│ │               extra = ''                                                                                 │                                                                     │
│ │ extra_emulator_args = None                                                                               │                                                                     │
│ │              kwargs = {}                                                                                 │                                                                     │
│ │                name = None                                                                               │                                                                     │
│ │         passthrough = []                                                                                 │                                                                     │
│ │                self = <briefcase.platforms.android.gradle.GradleRunCommand object at 0x000001F27F9621D0> │                                                                     │
│ │    shutdown_on_exit = False                                                                              │                                                                     │
│ │           test_mode = False                                                                              │                                                                     │
│ ╰──────────────────────────────────────────────────────────────────────────────────────────────────────────╯                                                                     │
│                                                                                                                                                                                  │
│ C:\Users\clema\.pyenv\pyenv-win\versions\3.11.7\Lib\site-packages\briefcase\integrations\android_sdk.py:1348 in start_emulator                                                   │
│                                                                                                                                                                                  │
│   1345 │   │   │   │   known_devices = set()                                                                                                                                     │
│   1346 │   │   │   │   while adb is None:                                                                                                                                        │
│   1347 │   │   │   │   │   if emulator_popen.poll() is not None:                                                                                                                 │
│ ❱ 1348 │   │   │   │   │   │   raise BriefcaseCommandError(                                                                                                                      │
│   1349 │   │   │   │   │   │   │   failed_startup_error_msg.format(                                                                                                              │
│   1350 │   │   │   │   │   │   │   │   prologue="Android emulator was unable to start!"                                                                                          │
│   1351 │   │   │   │   │   │   │   )                                                                                                                                             │
│                                                                                                                                                                                  │
│ ╭────────────────────────────────────────────────────────── locals ───────────────────────────────────────────────────────────╮                                                  │
│ │                      adb = None                                                                                             │                                                  │
│ │                      avd = 'beePhone'                                                                                       │                                                  │
│ │                  details = {'name': '2201117TL', 'authorized': True}                                                        │                                                  │
│ │                   device = '618ca3a0'                                                                                       │                                                  │
│ │               device_avd = None                                                                                             │                                                  │
│ │         emulator_command = 'C:\\Users\\clema\\AppData\\Local\\BeeWare\\briefcase\\Cache\\tools\\android_sdk\\emulator\\'+44 │                                                  │
│ │           emulator_popen = <Popen: returncode: 1 args: ['C:\\Users\\clema\\AppData\\Local\\BeeWare\\bri...>                 │                                                  │
│ │        emulator_streamer = <PopenOutputStreamer(Android emulator output streamer, stopped daemon 21780)>                    │                                                  │
│ │               extra_args = []                                                                                               │                                                  │
│ │ failed_startup_error_msg = '{prologue}\n\nReview the emulator output above for:\n - Troubleshooting or resoluti'+552        │                                                  │
│ │        general_error_msg = '\nReview the emulator output above for:\n - Troubleshooting or resolution steps su'+541         │                                                  │
│ │               keep_alive = <briefcase.console.NotDeadYet object at 0x000001F27FE9DB10>                                      │                                                  │
│ │            known_devices = {'618ca3a0'}                                                                                     │                                                  │
│ │                     self = <briefcase.integrations.android_sdk.AndroidSDK object at 0x000001F27CB66150>                     │                                                  │
│ ╰─────────────────────────────────────────────────────────────────────────────────────────────────────────────────────────────╯                                                  │
╰──────────────────────────────────────────────────────────────────────────────────────────────────────────────────────────────────────────────────────────────────────────────────╯
BriefcaseCommandError: Android emulator was unable to start!

Review the emulator output above for:
 - Troubleshooting or resolution steps such as enabling hardware acceleration
 - Other errors or warnings that may be suggesting the cause of the startup failure

Ensure your Android SDK is up-to-date by running:

    $ briefcase upgrade android_sdk

To review Google's general troubleshooting steps for the emulator, visit:

    https://developer.android.com/studio/run/emulator-troubleshooting

You can also start the emulator manually by running:

    $ C:\Users\clema\AppData\Local\BeeWare\briefcase\Cache\tools\android_sdk\emulator\emulator.exe "@beePhone" -dns-server 8.8.8.8

           Collecting extra information for log... started                                                                                                            console.py:425
                                                                                                                                                                      console.py:429
           Extra information:                                                                                                                                         console.py:430
                                                                                                                                                                   subprocess.py:827
           >>> Running Command:                                                                                                                                    subprocess.py:827
           >>>     'C:\Users\clema\AppData\Local\BeeWare\briefcase\Cache\tools\android_sdk\cmdline-tools\12.0\bin\sdkmanager.bat' --list_installed                 subprocess.py:827
           >>> Working Directory:                                                                                                                                  subprocess.py:827
           >>>     C:\Users\clema\OneDrive\Documentos\Brick\brickgame                                                                                              subprocess.py:827
           >>> Environment Overrides:                                                                                                                              subprocess.py:827
           >>>     ANDROID_HOME=C:\Users\clema\AppData\Local\BeeWare\briefcase\Cache\tools\android_sdk                                                             subprocess.py:827
           >>>     ANDROID_SDK_ROOT=C:\Users\clema\AppData\Local\BeeWare\briefcase\Cache\tools\android_sdk                                                         subprocess.py:827
           >>>     JAVA_HOME=C:\Users\clema\AppData\Local\BeeWare\briefcase\Cache\tools\java17                                                                     subprocess.py:827
[17:30:48] >>> Command Output:                                                                                                                                     subprocess.py:827
           >>>     Loading package information...                                                                                                                  subprocess.py:827
           >>>     Loading local repository...                                                                                                                     subprocess.py:827
           >>>     [=========                              ] 25% Loading local repository...                                                                       subprocess.py:827
           >>>     [=========                              ] 25% Fetch remote repository...                                                                        subprocess.py:827
           >>>     [=======================================] 100% Fetch remote repository...                                                                       subprocess.py:827
           >>>                                                                                                                                                     subprocess.py:827
           >>>     Installed packages:                                                                                                                             subprocess.py:827
           >>>       Path                                    | Version | Description                    | Location                                                 subprocess.py:827
           >>>       -------                                 | ------- | -------                        | -------                                                  subprocess.py:827
           >>>       build-tools;34.0.0                      | 34.0.0  | Android SDK Build-Tools 34     | build-tools\34.0.0                                       subprocess.py:827
           >>>       emulator                                | 35.1.20 | Android Emulator               | emulator                                                 subprocess.py:827
           >>>       platform-tools                          | 35.0.2  | Android SDK Platform-Tools     | platform-tools                                           subprocess.py:827
           >>>       platforms;android-34                    | 3       | Android SDK Platform 34        | platforms\android-34                                     subprocess.py:827
           >>>       system-images;android-31;default;x86_64 | 5       | Intel x86_64 Atom System Image | system-images\android-31\default\x86_64                  subprocess.py:827
           >>>                                                                                                                                                     subprocess.py:827
           >>> Return code: 0                                                                                                                                      subprocess.py:827
           Collecting extra information for log... done                                                                                                               console.py:425
